csrf_token
action
submittedProblemCode
source
programTypeId
csrf_token
action
submittedProblemCode
source
programTypeId
csrf_token
action
submittedProblemCode
source
programTypeId
csrf_token
action
submittedProblemCode
source
programTypeId
[Worker(host:woshilalala pid:6827)] Starting job worker
[Worker(host:woshilalala pid:6827)] Exiting...
[Worker(host:woshilalala pid:6917)] Starting job worker
[Worker(host:woshilalala pid:6917)] Exiting...
[Worker(host:woshilalala pid:6967)] Starting job worker
[Worker(host:woshilalala pid:6967)] Exiting...
[Worker(host:woshilalala pid:7045)] Starting job worker
[Worker(host:woshilalala pid:7045)] Exiting...
[Worker(host:woshilalala pid:7124)] Starting job worker
[Worker(host:woshilalala pid:7124)] Exiting...
